        -:    0:Source:simulator.c
        -:    0:Graph:simulator.gcno
        -:    0:Data:simulator.gcda
        -:    0:Runs:17
        -:    0:Programs:1
        -:    1:#include <stdio.h>
        -:    2:#include <string.h>
        -:    3:#include "traceparser.h"
        -:    4:#include "simulator.h"
        -:    5:
      144:    6:void simulate_step(struct memOperation *operation) {
        -:    7:   //printf("Simulating operation\n");
      144:    8:}
        -:    9:
        3:   10:void simulate() {
       75:   11:   for(int i=0; i<numberOfOperations; i++){
       72:   12:      simulate_step(&memoryOperations[i]);
        -:   13:   }
        3:   14:}
        -:   15:
