        -:    0:Source:simulator.c
        -:    0:Graph:simulator.gcno
        -:    0:Data:simulator.gcda
        -:    0:Runs:7
        -:    0:Programs:1
        -:    1:#include <stdio.h>
        -:    2:#include <string.h>
        -:    3:#include "traceparser.h"
        -:    4:#include "simulator.h"
        -:    5:
      168:    6:void simulate_step(struct memOperation *operation) {
        -:    7:   //printf("Simulating operation\n");
      168:    8:}
        -:    9:
        2:   10:void simulate() {
       50:   11:   for(int i=0; i<numberOfOperations; i++){
       48:   12:      simulate_step(&memoryOperations[i]);
        -:   13:   }
        2:   14:}
        -:   15:
